<?xml version="1.0" encoding="UTF-8"?>
<!-- Generated by org.testng.reporters.JUnitReportReporter -->
<testsuite hostname="Kunal" failures="0" tests="1" name="testCases.LoginTest" time="119.945" errors="0" timestamp="2023-11-21T18:16:17 IST" skipped="0">
  <testcase classname="testCases.LoginTest" name="LoginTestMethod" time="119.945"/>
  <system-out/>
</testsuite> <!-- testCases.LoginTest -->
